<?xml version="1.0" encoding="UTF-8"?>
<!-- Generated by org.testng.reporters.JUnitReportReporter -->
<testsuite skipped="0" hostname="BOPRASAD-M-R1K9" name="com.jaga.registerDemo.service.RegisterServiceImplTest" tests="1" failures="0" timestamp="30 Apr 2019 13:56:10 GMT" time="0.018" errors="0">
  <testcase name="registerTest" time="0.018" classname="com.jaga.registerDemo.service.RegisterServiceImplTest"/>
</testsuite> <!-- com.jaga.registerDemo.service.RegisterServiceImplTest -->
