<?xml version="1.0" encoding="UTF-8"?>
<!-- Generated by org.testng.reporters.JUnitReportReporter -->
<testsuite skipped="0" hostname="BOPRASAD-M-R1K9" name="com.jaga.registerDemo.service.EmployeeServiceImplTest" tests="1" failures="0" timestamp="30 Apr 2019 14:03:47 GMT" time="0.012" errors="0">
  <testcase name="getEmployeeTest" time="0.012" classname="com.jaga.registerDemo.service.EmployeeServiceImplTest"/>
</testsuite> <!-- com.jaga.registerDemo.service.EmployeeServiceImplTest -->
