<?xml version="1.0" encoding="UTF-8"?>
<!-- Generated by org.testng.reporters.JUnitReportReporter -->
<testsuite skipped="0" hostname="BOPRASAD-M-R1K9" name="com.jaga.registerDemo.controller.EmployeeControllerTest" tests="2" failures="0" timestamp="30 Apr 2019 13:44:06 GMT" time="0.063" errors="0">
  <testcase name="getEmployeeTestException" time="0.003" classname="com.jaga.registerDemo.controller.EmployeeControllerTest"/>
  <testcase name="getEmployeeTest" time="0.060" classname="com.jaga.registerDemo.controller.EmployeeControllerTest"/>
</testsuite> <!-- com.jaga.registerDemo.controller.EmployeeControllerTest -->
